IQ-TREE multicore version 2.3.6 for Linux x86 64-bit built Aug  4 2024
Developed by Bui Quang Minh, Nguyen Lam Tung, Olga Chernomor, Heiko Schmidt,
Dominik Schrempf, Michael Woodhams, Ly Trong Nhan, Thomas Wong

Host:    login1 (AVX2, FMA3, 503 GB RAM)
Command: iqtree -s all_sequences_aligned.fa -m GTR+G -nt AUTO -bb 1000 --prefix hiv_phylo
Seed:    573139 (Using SPRNG - Scalable Parallel Random Number Generator)
Time:    Fri May 30 13:42:12 2025
Kernel:  AVX+FMA - auto-detect threads (256 CPU cores detected)

Reading alignment file all_sequences_aligned.fa ... Fasta format detected
Reading fasta file: done in 0.0164138 secs using 46.72% CPU
Alignment most likely contains DNA/RNA sequences
WARNING: 2 sites contain only gaps or ambiguous characters.
Alignment has 51 sequences with 9507 columns, 3177 distinct patterns
2401 parsimony-informative, 570 singleton sites, 6536 constant sites
                       Gap/Ambiguity  Composition  p-value
Analyzing sequences: done in 0.0249275 secs using 2.269e+04% CPU
   1  100008_1                 5.94%    passed     99.85%
   2  100008_2                 6.49%    passed     99.72%
   3  100008_3                 5.77%    passed     99.90%
   4  100137_1                10.17%    passed     91.55%
   5  100137_2                 9.25%    passed     97.43%
   6  100137_3                 6.17%    passed     98.59%
   7  100177_1                 6.07%    passed     98.43%
   8  100177_2                 6.56%    passed     98.96%
   9  100177_3                 6.25%    passed     98.11%
  10  100200_1                 5.66%    passed     91.67%
  11  100200_2                 5.92%    passed     99.50%
  12  100200_3                 6.30%    passed     98.14%
  13  100206_1                 5.39%    passed     98.87%
  14  100206_3                 5.93%    passed     97.09%
  15  100217_1                 5.18%    passed     95.51%
  16  100217_2                 8.67%    passed     83.76%
  17  100217_3                 5.71%    passed     96.26%
  18  100248_1                 6.03%    passed     94.11%
  19  100248_2                 5.73%    passed     97.13%
  20  100248_3                 7.42%    passed     98.44%
  21  100255_1                 5.44%    passed     98.30%
  22  100255_3                 6.53%    passed     95.06%
  23  100256_1                 6.67%    passed     89.65%
  24  100256_3                 6.64%    passed     81.71%
  25  100257_1                 6.26%    passed     99.86%
  26  100257_2                 5.37%    passed     99.27%
  27  100257_3                 5.88%    passed     98.70%
  28  100261_1                 6.22%    passed     99.46%
  29  100261_2                 6.32%    passed     97.14%
  30  100261_3                 6.79%    passed     96.17%
  31  100306_1                 5.93%    passed     91.42%
  32  100306_2                 7.39%    passed     86.25%
  33  100306_3                 6.43%    passed     90.83%
  34  100337_1                 6.36%    passed     97.25%
  35  100337_2                 5.93%    passed     93.59%
  36  100337_3                 6.29%    passed     93.62%
  37  CAP137                  84.44%    passed      6.42%
  38  CAP177                  73.56%    passed     33.70%
  39  CAP200                  72.93%    passed     40.26%
  40  CAP206                   4.50%    passed     44.62%
  41  CAP217                   7.22%    passed     50.14%
  42  CAP239                   4.29%    passed     92.94%
  43  CAP248                   3.71%    passed     44.55%
  44  CAP255                   4.66%    passed     87.20%
  45  CAP256                   3.99%    passed     69.61%
  46  CAP257                   4.20%    passed     66.05%
  47  CAP261                  72.61%    passed     39.06%
  48  CAP306                  72.77%    failed      0.53%
  49  CAP337                   5.15%    passed     62.55%
  50  CAP8                     4.51%    passed     53.53%
  51  CAP256_superinfecting   73.08%    passed      7.66%
WARNING: 6 sequences contain more than 50% gaps/ambiguity
****  TOTAL                   14.17%  1 sequences failed composition chi2 test (p-value<5%; df=3)

Create initial parsimony tree by phylogenetic likelihood library (PLL)... 0.049 seconds
Generating 1000 samples for ultrafast bootstrap (seed: 573139)...

NOTE: 33 MB RAM (0 GB) is required!
Measuring multi-threading efficiency up to 256 CPU cores
Increase to 10 rounds for branch lengths
978 trees examined
Threads: 1 / Time: 256.174 sec / Speedup: 1.000 / Efficiency: 100% / LogL: -87335
Threads: 2 / Time: 236.473 sec / Speedup: 1.083 / Efficiency: 54% / LogL: -87335
Threads: 3 / Time: 229.496 sec / Speedup: 1.116 / Efficiency: 37% / LogL: -87335
BEST NUMBER OF THREADS: 2

Estimate model parameters (epsilon = 0.100)
1. Initial log-likelihood: -54163.652
2. Current log-likelihood: -50736.153
3. Current log-likelihood: -50710.775
4. Current log-likelihood: -50710.592
Optimal log-likelihood: -50710.586
Rate parameters:  A-C: 1.74812  A-G: 4.70176  A-T: 0.88325  C-G: 0.68591  C-T: 5.71812  G-T: 1.00000
Base frequencies:  A: 0.364  C: 0.174  G: 0.239  T: 0.223
Gamma shape alpha: 0.247
Parameters optimization took 4 rounds (1.396 sec)
Wrote distance file to... 
Computing ML distances based on estimated model parameters...
Calculating distance matrix: done in 0.0158768 secs using 187.2% CPU
Computing ML distances took 0.017455 sec (of wall-clock time) 0.030772 sec (of CPU time)
Setting up auxiliary I and S matrices: done in 0.00909484 secs using 58.45% CPU
Computing RapidNJ tree took 0.032065 sec (of wall-clock time) 0.016596 sec (of CPU time)
Log-likelihood of RapidNJ tree: -50948.692
--------------------------------------------------------------------
|             INITIALIZING CANDIDATE TREE SET                      |
--------------------------------------------------------------------
Generating 98 parsimony trees... 2.283 second
Computing log-likelihood of 98 initial trees ... 2.726 seconds
Current best score: -50702.714

Do NNI search on 20 best initial trees
Estimate model parameters (epsilon = 0.100)
BETTER TREE FOUND at iteration 1: -50650.635
Iteration 10 / LogL: -50651.050 / Time: 0h:12m:13s
Iteration 20 / LogL: -50657.102 / Time: 0h:12m:17s
Finish initializing candidate tree set (6)
Current best tree score: -50650.635 / CPU time: 13.343
Number of iterations: 20
--------------------------------------------------------------------
|               OPTIMIZING CANDIDATE TREE SET                      |
--------------------------------------------------------------------
Iteration 30 / LogL: -50650.637 / Time: 0h:12m:24s (0h:30m:21s left)
Iteration 40 / LogL: -50693.588 / Time: 0h:12m:30s (0h:19m:33s left)
Iteration 50 / LogL: -50653.284 / Time: 0h:12m:37s (0h:13m:7s left)
Log-likelihood cutoff on original alignment: -50729.673
Iteration 60 / LogL: -50651.206 / Time: 0h:12m:43s (0h:8m:50s left)
Iteration 70 / LogL: -50651.414 / Time: 0h:12m:52s (0h:5m:47s left)
Iteration 80 / LogL: -50696.020 / Time: 0h:13m:2s (0h:3m:28s left)
Iteration 90 / LogL: -50651.266 / Time: 0h:13m:10s (0h:1m:37s left)
Iteration 100 / LogL: -50651.557 / Time: 0h:13m:17s (0h:0m:8s left)
Log-likelihood cutoff on original alignment: -50729.673
NOTE: Bootstrap correlation coefficient of split occurrence frequencies: 0.999
TREE SEARCH COMPLETED AFTER 102 ITERATIONS / Time: 0h:13m:20s

--------------------------------------------------------------------
|                    FINALIZING TREE SEARCH                        |
--------------------------------------------------------------------
Performs final model parameters optimization
Estimate model parameters (epsilon = 0.010)
1. Initial log-likelihood: -50650.635
Optimal log-likelihood: -50650.630
Rate parameters:  A-C: 1.73991  A-G: 4.71210  A-T: 0.87315  C-G: 0.69413  C-T: 5.71639  G-T: 1.00000
Base frequencies:  A: 0.364  C: 0.174  G: 0.239  T: 0.223
Gamma shape alpha: 0.246
Parameters optimization took 1 rounds (0.229 sec)
BEST SCORE FOUND : -50650.630
Creating bootstrap support values...
Split supports printed to NEXUS file hiv_phylo.splits.nex
Total tree length: 1.206

Total number of iterations: 102
CPU time used for tree search: 142.546 sec (0h:2m:22s)
Wall-clock time used for tree search: 75.646 sec (0h:1m:15s)
Total CPU time used: 1509.096 sec (0h:25m:9s)
Total wall-clock time used: 800.702 sec (0h:13m:20s)

Computing bootstrap consensus tree...
Reading input file hiv_phylo.splits.nex...
51 taxa and 185 splits.
Consensus tree written to hiv_phylo.contree
Reading input trees file hiv_phylo.contree
Log-likelihood of consensus tree: -50650.973

Analysis results written to: 
  IQ-TREE report:                hiv_phylo.iqtree
  Maximum-likelihood tree:       hiv_phylo.treefile
  Likelihood distances:          hiv_phylo.mldist

Ultrafast bootstrap approximation results written to:
  Split support values:          hiv_phylo.splits.nex
  Consensus tree:                hiv_phylo.contree
  Screen log file:               hiv_phylo.log

Date and Time: Fri May 30 13:55:34 2025
